  Botiquin.cpp
  Caja.cpp
  Corazon.cpp
  Interaccion.cpp
C:\Users\Alejandro\PracticasInfor\meowly\Tanque2D\src\Interaccion.cpp(24,12): warning C4244: 'inicializando': conversión de 'double' a 'float'; posible pérdida de datos
  ListaCajas.cpp
  ListaObjetos.cpp
  ListaProyectiles.cpp
  Mundo.cpp
  Objeto.cpp
C:\Users\Alejandro\PracticasInfor\meowly\Tanque2D\src\Objeto.cpp(17,13): warning C4244: 'return': conversión de 'double' a 'float'; posible pérdida de datos
C:\Users\Alejandro\PracticasInfor\meowly\Tanque2D\src\Objeto.cpp(20,11): warning C4244: 'inicializando': conversión de 'double' a 'int'; posible pérdida de datos
C:\Users\Alejandro\PracticasInfor\meowly\Tanque2D\src\Objeto.cpp(21,11): warning C4244: 'inicializando': conversión de 'double' a 'int'; posible pérdida de datos
C:\Users\Alejandro\PracticasInfor\meowly\Tanque2D\src\Objeto.cpp(22,11): warning C4244: 'inicializando': conversión de 'double' a 'int'; posible pérdida de datos
C:\Users\Alejandro\PracticasInfor\meowly\Tanque2D\src\Objeto.cpp(23,11): warning C4244: 'inicializando': conversión de 'double' a 'int'; posible pérdida de datos
C:\Users\Alejandro\PracticasInfor\meowly\Tanque2D\src\Objeto.cpp(28,19): warning C4244: '=': conversión de 'double' a 'float'; posible pérdida de datos
C:\Users\Alejandro\PracticasInfor\meowly\Tanque2D\src\Objeto.cpp(29,19): warning C4244: '=': conversión de 'double' a 'float'; posible pérdida de datos
  Pared.cpp
  Principal.cpp
  Proyectil.cpp
  tanque.cpp
C:\Users\Alejandro\PracticasInfor\meowly\Tanque2D\src\tanque.cpp(60,38): warning C4305: 'argumento': truncamiento de 'double' a 'float'
  tanqueEnemigo.cpp
  tanqueJugador.cpp
  Vector2D.cpp
  Generando código...
C:\Users\Alejandro\PracticasInfor\meowly\Tanque2D\src\Caja.cpp(60): warning C4715: 'Caja::GetLim': no todas las rutas de acceso de control devuelven un valor
  Pang.vcxproj -> C:\Users\Alejandro\PracticasInfor\meowly\Tanque2D\bin\Taque2D.exe
